<?xml version="1.0" encoding="UTF-8"?>
<!-- Generated by org.testng.reporters.JUnitReportReporter -->
<testsuite hostname="DESKTOP-C4BDBLN" failures="0" tests="1" name="BinhStudy.SeleniumFramework.tests.TestScript2" time="8.006" errors="0" timestamp="2023-03-29T20:40:31 ICT" skipped="0">
  <testcase classname="BinhStudy.SeleniumFramework.tests.TestScript2" name="loginPlaceholderValidation" time="8.006"/>
  <system-out/>
</testsuite> <!-- BinhStudy.SeleniumFramework.tests.TestScript2 -->
